-------------------------------------------------------------------------------
Test set: com.revature.fantasyfootballapp.dao.AdminDAOImplTest
-------------------------------------------------------------------------------
Tests run: 1, Failures: 1, Errors: 0, Skipped: 0, Time elapsed: 0.022 s <<< FAILURE! - in com.revature.fantasyfootballapp.dao.AdminDAOImplTest
test  Time elapsed: 0.018 s  <<< FAILURE!
org.opentest4j.AssertionFailedError: Not yet implemented
	at com.revature.fantasyfootballapp.dao.AdminDAOImplTest.test(AdminDAOImplTest.java:11)

