<?xml version="1.0" encoding="UTF-8"?>
<testsuite xmlns:xsi="http://www.w3.org/2001/XMLSchema-instance" xsi:noNamespaceSchemaLocation="https://maven.apache.org/surefire/maven-surefire-plugin/xsd/surefire-test-report.xsd" name="com.revature.fantasyfootballapp.dao.NFLTeamDAOImplTest" time="0.042" tests="1" errors="0" skipped="0" failures="0">
  <properties>
[...]
</properties>
  <testcase name="getNFLTeamTest" classname="com.revature.fantasyfootballapp.dao.NFLTeamDAOImplTest" time="0.041"/>
</testsuite>